[0.010s] Invoking command in '/home/sathish/ros2_ws/src/minimal_sim/build/minimal_sim': CMAKE_PREFIX_PATH=/opt/ros/humble /usr/bin/cmake /home/sathish/ros2_ws/src/minimal_sim -DAMENT_CMAKE_SYMLINK_INSTALL=1 -DCMAKE_INSTALL_PREFIX=/home/sathish/ros2_ws/src/minimal_sim/install/minimal_sim
[0.130s] -- The C compiler identification is GNU 11.4.0
[0.208s] -- The CXX compiler identification is GNU 11.4.0
[0.217s] -- Detecting C compiler ABI info
[0.319s] -- Detecting C compiler ABI info - done
[0.329s] -- Check for working C compiler: /usr/bin/cc - skipped
[0.330s] -- Detecting C compile features
[0.331s] -- Detecting C compile features - done
[0.334s] -- Detecting CXX compiler ABI info
[0.433s] -- Detecting CXX compiler ABI info - done
[0.440s] -- Check for working CXX compiler: /usr/bin/c++ - skipped
[0.440s] -- Detecting CXX compile features
[0.440s] -- Detecting CXX compile features - done
[0.445s] -- Found ament_cmake: 1.3.13 (/opt/ros/humble/share/ament_cmake/cmake)
[0.591s] -- Found Python3: /usr/bin/python3 (found version "3.10.12") found components: Interpreter 
[0.645s] -- Override CMake install command with custom implementation using symlinks instead of copying resources
[0.676s] -- Found rclcpp: 16.0.18 (/opt/ros/humble/share/rclcpp/cmake)
[0.716s] -- Found rosidl_generator_c: 3.1.8 (/opt/ros/humble/share/rosidl_generator_c/cmake)
[0.721s] -- Found rosidl_adapter: 3.1.8 (/opt/ros/humble/share/rosidl_adapter/cmake)
[0.728s] -- Found rosidl_generator_cpp: 3.1.8 (/opt/ros/humble/share/rosidl_generator_cpp/cmake)
[0.739s] -- Using all available rosidl_typesupport_c: rosidl_typesupport_fastrtps_c;rosidl_typesupport_introspection_c
[0.753s] -- Using all available rosidl_typesupport_cpp: rosidl_typesupport_fastrtps_cpp;rosidl_typesupport_introspection_cpp
[0.791s] -- Found rmw_implementation_cmake: 6.1.2 (/opt/ros/humble/share/rmw_implementation_cmake/cmake)
[0.793s] -- Found rmw_fastrtps_cpp: 6.2.10 (/opt/ros/humble/share/rmw_fastrtps_cpp/cmake)
[0.898s] -- Found OpenSSL: /usr/lib/x86_64-linux-gnu/libcrypto.so (found version "3.0.2")  
[0.938s] -- Found FastRTPS: /opt/ros/humble/include  
[0.972s] -- Using RMW implementation 'rmw_fastrtps_cpp' as default
[0.982s] -- Looking for pthread.h
[1.079s] -- Looking for pthread.h - found
[1.079s] -- Performing Test CMAKE_HAVE_LIBC_PTHREAD
[1.158s] -- Performing Test CMAKE_HAVE_LIBC_PTHREAD - Success
[1.160s] -- Found Threads: TRUE  
[1.214s] -- Found robot_state_publisher: 3.0.3 (/opt/ros/humble/share/robot_state_publisher/cmake)
[1.241s] -- Found eigen3_cmake_module: 0.1.1 (/opt/ros/humble/share/eigen3_cmake_module/cmake)
[1.242s] -- Found Eigen3: TRUE (found version "3.4.0") 
[1.242s] -- Ensuring Eigen3 include directory is part of orocos-kdl CMake target
[1.367s] -- Found gazebo_ros: 3.9.0 (/opt/ros/humble/share/gazebo_ros/cmake)
[1.377s] -- Found PkgConfig: /usr/bin/pkg-config (found version "0.29.2") 
[1.378s] -- Checking for module 'bullet>=2.82'
[1.389s] --   Found bullet, version 3.05
[1.530s] -- Found fcl: /usr/include (found suitable version "0.7.0", minimum required is "0.5.0") 
[1.610s] -- Found assimp: /usr/include (found version "5.2.0") 
[1.639s] -- Found DART: /usr/include (Required is at least version "6.6") found components: dart 
[1.664s] -- Found Boost: /usr/lib/x86_64-linux-gnu/cmake/Boost-1.74.0/BoostConfig.cmake (found suitable version "1.74.0", minimum required is "1.40.0") found components: thread system filesystem program_options regex iostreams date_time 
[1.681s] -- Found Protobuf: /usr/lib/x86_64-linux-gnu/libprotobuf.so (found version "3.12.4") 
[1.690s] -- Looking for ignition-math6 -- found version 6.15.1
[1.704s] -- Searching for dependencies of ignition-math6
[1.707s] -- Looking for OGRE...
[1.707s] -- OGRE_PREFIX_WATCH changed.
[1.714s] -- Checking for module 'OGRE'
[1.733s] --   Found OGRE, version 1.9.0
[1.788s] -- Found Ogre Ghadamon (1.9.0)
[1.798s] -- Found OGRE: optimized;/usr/lib/x86_64-linux-gnu/libOgreMain.so;debug;/usr/lib/x86_64-linux-gnu/libOgreMain.so
[1.807s] -- Looking for OGRE_Paging...
[1.810s] -- Found OGRE_Paging: optimized;/usr/lib/x86_64-linux-gnu/libOgrePaging.so;debug;/usr/lib/x86_64-linux-gnu/libOgrePaging.so
[1.810s] -- Looking for OGRE_Terrain...
[1.814s] -- Found OGRE_Terrain: optimized;/usr/lib/x86_64-linux-gnu/libOgreTerrain.so;debug;/usr/lib/x86_64-linux-gnu/libOgreTerrain.so
[1.814s] -- Looking for OGRE_Property...
[1.817s] -- Found OGRE_Property: optimized;/usr/lib/x86_64-linux-gnu/libOgreProperty.so;debug;/usr/lib/x86_64-linux-gnu/libOgreProperty.so
[1.817s] -- Looking for OGRE_RTShaderSystem...
[1.821s] -- Found OGRE_RTShaderSystem: optimized;/usr/lib/x86_64-linux-gnu/libOgreRTShaderSystem.so;debug;/usr/lib/x86_64-linux-gnu/libOgreRTShaderSystem.so
[1.821s] -- Looking for OGRE_Volume...
[1.824s] -- Found OGRE_Volume: optimized;/usr/lib/x86_64-linux-gnu/libOgreVolume.so;debug;/usr/lib/x86_64-linux-gnu/libOgreVolume.so
[1.824s] -- Looking for OGRE_Overlay...
[1.827s] -- Found OGRE_Overlay: optimized;/usr/lib/x86_64-linux-gnu/libOgreOverlay.so;debug;/usr/lib/x86_64-linux-gnu/libOgreOverlay.so
[1.896s] -- Looking for ignition-math6 -- found version 6.15.1
[1.898s] -- Looking for ignition-transport8 -- found version 8.2.1
[1.898s] -- Searching for dependencies of ignition-transport8
[1.912s] -- Found Protobuf: /usr/lib/x86_64-linux-gnu/libprotobuf.so (found suitable version "3.12.4", minimum required is "3") 
[1.921s] -- Config-file not installed for ZeroMQ -- checking for pkg-config
[1.926s] -- Checking for module 'libzmq >= 4'
[1.944s] --   Found libzmq , version 4.3.4
[2.003s] -- Found ZeroMQ: TRUE (Required is at least version "4") 
[2.013s] -- Checking for module 'uuid'
[2.032s] --   Found uuid, version 2.37.2
[2.088s] -- Found UUID: TRUE  
[2.092s] -- Looking for ignition-msgs5 -- found version 5.8.1
[2.093s] -- Searching for dependencies of ignition-msgs5
[2.110s] -- Looking for ignition-math6 -- found version 6.15.1
[2.114s] -- Checking for module 'tinyxml2'
[2.125s] --   Found tinyxml2, version 9.0.0
[2.182s] -- Looking for ignition-msgs5 -- found version 5.8.1
[2.186s] -- Looking for ignition-common3 -- found version 3.14.0
[2.186s] -- Searching for dependencies of ignition-common3
[2.187s] -- Looking for dlfcn.h - found
[2.187s] -- Looking for libdl - found
[2.189s] -- Found DL: TRUE  
[2.206s] -- Found tinyobjloader: /usr/lib/x86_64-linux-gnu/cmake/tinyobjloader/tinyobjloader-config.cmake (found version "2.0.0") 
[2.207s] -- Searching for <ignition-common3> component [graphics]
[2.211s] -- Looking for ignition-common3-graphics -- found version 3.14.0
[2.211s] -- Searching for dependencies of ignition-common3-graphics
[2.212s] -- Looking for ignition-math6 -- found version 6.15.1
[2.215s] -- Looking for ignition-fuel_tools4 -- found version 4.4.0
[2.215s] -- Searching for dependencies of ignition-fuel_tools4
[2.329s] -- Found CURL: /usr/lib/x86_64-linux-gnu/libcurl.so (found version "7.81.0")  
[2.345s] -- Checking for module 'jsoncpp'
[2.366s] --   Found jsoncpp, version 1.9.5
[2.417s] -- Found JSONCPP: TRUE  
[2.427s] -- Checking for module 'libzip'
[2.448s] --   Found libzip, version 1.7.3
[2.505s] -- Found ZIP: TRUE  
[2.506s] -- Looking for ignition-common3 -- found version 3.14.0
[2.507s] -- Looking for ignition-math6 -- found version 6.15.1
[2.508s] -- Looking for ignition-msgs5 -- found version 5.8.1
[2.515s] -- Gazebo version: 11.10
[2.515s] -- Checking for module 'tbb'
[2.538s] --   Found tbb, version 2021.5.0
[2.595s] -- Found nav2_bringup: 1.1.20 (/opt/ros/humble/share/nav2_bringup/cmake)
[2.599s] -- Found ament_lint_auto: 0.12.15 (/opt/ros/humble/share/ament_lint_auto/cmake)
[2.671s] -- Added test 'cppcheck' to perform static code analysis on C / C++ code
[2.672s] -- Configured cppcheck include dirs: 
[2.672s] -- Configured cppcheck exclude dirs and/or files: 
[2.672s] -- Added test 'flake8' to check Python code syntax and style conventions
[2.673s] -- Added test 'lint_cmake' to check CMake code style
[2.674s] -- Added test 'pep257' to check Python code against some of the docstring style conventions in PEP 257
[2.676s] -- Added test 'uncrustify' to check C / C++ code style
[2.676s] -- Configured uncrustify additional arguments: 
[2.677s] -- Added test 'xmllint' to check XML markup files
[2.678s] -- Configuring done
[2.682s] -- Generating done
[2.684s] -- Build files have been written to: /home/sathish/ros2_ws/src/minimal_sim/build/minimal_sim
[2.693s] Invoked command in '/home/sathish/ros2_ws/src/minimal_sim/build/minimal_sim' returned '0': CMAKE_PREFIX_PATH=/opt/ros/humble /usr/bin/cmake /home/sathish/ros2_ws/src/minimal_sim -DAMENT_CMAKE_SYMLINK_INSTALL=1 -DCMAKE_INSTALL_PREFIX=/home/sathish/ros2_ws/src/minimal_sim/install/minimal_sim
[2.694s] Invoking command in '/home/sathish/ros2_ws/src/minimal_sim/build/minimal_sim': CMAKE_PREFIX_PATH=/opt/ros/humble /usr/bin/cmake --build /home/sathish/ros2_ws/src/minimal_sim/build/minimal_sim -- -j12 -l12
[2.738s] Invoked command in '/home/sathish/ros2_ws/src/minimal_sim/build/minimal_sim' returned '0': CMAKE_PREFIX_PATH=/opt/ros/humble /usr/bin/cmake --build /home/sathish/ros2_ws/src/minimal_sim/build/minimal_sim -- -j12 -l12
[2.748s] Invoking command in '/home/sathish/ros2_ws/src/minimal_sim/build/minimal_sim': CMAKE_PREFIX_PATH=/opt/ros/humble /usr/bin/cmake --install /home/sathish/ros2_ws/src/minimal_sim/build/minimal_sim
[2.757s] -- Install configuration: ""
[2.758s] -- Execute custom install script
[2.758s] -- Symlinking: /home/sathish/ros2_ws/src/minimal_sim/install/minimal_sim/share/ament_index/resource_index/package_run_dependencies/minimal_sim
[2.772s] -- Symlinking: /home/sathish/ros2_ws/src/minimal_sim/install/minimal_sim/share/ament_index/resource_index/parent_prefix_path/minimal_sim
[2.785s] -- Symlinking: /home/sathish/ros2_ws/src/minimal_sim/install/minimal_sim/share/minimal_sim/environment/ament_prefix_path.sh
[2.796s] -- Symlinking: /home/sathish/ros2_ws/src/minimal_sim/install/minimal_sim/share/minimal_sim/environment/ament_prefix_path.dsv
[2.806s] -- Symlinking: /home/sathish/ros2_ws/src/minimal_sim/install/minimal_sim/share/minimal_sim/environment/path.sh
[2.820s] -- Symlinking: /home/sathish/ros2_ws/src/minimal_sim/install/minimal_sim/share/minimal_sim/environment/path.dsv
[2.827s] -- Symlinking: /home/sathish/ros2_ws/src/minimal_sim/install/minimal_sim/share/minimal_sim/local_setup.bash
[2.835s] -- Symlinking: /home/sathish/ros2_ws/src/minimal_sim/install/minimal_sim/share/minimal_sim/local_setup.sh
[2.844s] -- Symlinking: /home/sathish/ros2_ws/src/minimal_sim/install/minimal_sim/share/minimal_sim/local_setup.zsh
[2.856s] -- Symlinking: /home/sathish/ros2_ws/src/minimal_sim/install/minimal_sim/share/minimal_sim/local_setup.dsv
[2.869s] -- Symlinking: /home/sathish/ros2_ws/src/minimal_sim/install/minimal_sim/share/minimal_sim/package.dsv
[2.878s] -- Symlinking: /home/sathish/ros2_ws/src/minimal_sim/install/minimal_sim/share/ament_index/resource_index/packages/minimal_sim
[2.888s] -- Symlinking: /home/sathish/ros2_ws/src/minimal_sim/install/minimal_sim/share/minimal_sim/cmake/minimal_simConfig.cmake
[2.899s] -- Symlinking: /home/sathish/ros2_ws/src/minimal_sim/install/minimal_sim/share/minimal_sim/cmake/minimal_simConfig-version.cmake
[2.911s] -- Symlinking: /home/sathish/ros2_ws/src/minimal_sim/install/minimal_sim/share/minimal_sim/package.xml
[2.923s] -- Symlinking: /home/sathish/ros2_ws/src/minimal_sim/install/minimal_sim/share/minimal_sim/launch/bringup.launch.py
[2.936s] -- Symlinking: /home/sathish/ros2_ws/src/minimal_sim/install/minimal_sim/share/minimal_sim/urdf/minimal_bot.urdf
[2.949s] Invoked command in '/home/sathish/ros2_ws/src/minimal_sim/build/minimal_sim' returned '0': CMAKE_PREFIX_PATH=/opt/ros/humble /usr/bin/cmake --install /home/sathish/ros2_ws/src/minimal_sim/build/minimal_sim
