[0.009s] Invoking command in '/home/sathish/ros2_ws/build/minimal_sim': CMAKE_PREFIX_PATH=${CMAKE_PREFIX_PATH}:/opt/ros/humble /usr/bin/cmake /home/sathish/ros2_ws/src/minimal_sim -DAMENT_CMAKE_SYMLINK_INSTALL=1 -DCMAKE_INSTALL_PREFIX=/home/sathish/ros2_ws/install/minimal_sim
[0.020s] -- Found ament_cmake: 1.3.13 (/opt/ros/humble/share/ament_cmake/cmake)
[0.104s] -- Override CMake install command with custom implementation using symlinks instead of copying resources
[0.108s] -- Found rclcpp: 16.0.18 (/opt/ros/humble/share/rclcpp/cmake)
[0.127s] -- Found rosidl_generator_c: 3.1.8 (/opt/ros/humble/share/rosidl_generator_c/cmake)
[0.129s] -- Found rosidl_adapter: 3.1.8 (/opt/ros/humble/share/rosidl_adapter/cmake)
[0.132s] -- Found rosidl_generator_cpp: 3.1.8 (/opt/ros/humble/share/rosidl_generator_cpp/cmake)
[0.139s] -- Using all available rosidl_typesupport_c: rosidl_typesupport_fastrtps_c;rosidl_typesupport_introspection_c
[0.146s] -- Using all available rosidl_typesupport_cpp: rosidl_typesupport_fastrtps_cpp;rosidl_typesupport_introspection_cpp
[0.167s] -- Found rmw_implementation_cmake: 6.1.2 (/opt/ros/humble/share/rmw_implementation_cmake/cmake)
[0.168s] -- Found rmw_fastrtps_cpp: 6.2.10 (/opt/ros/humble/share/rmw_fastrtps_cpp/cmake)
[0.242s] -- Using RMW implementation 'rmw_fastrtps_cpp' as default
[0.274s] -- Found robot_state_publisher: 3.0.3 (/opt/ros/humble/share/robot_state_publisher/cmake)
[0.284s] -- Found eigen3_cmake_module: 0.1.1 (/opt/ros/humble/share/eigen3_cmake_module/cmake)
[0.285s] -- Ensuring Eigen3 include directory is part of orocos-kdl CMake target
[0.364s] -- Found gazebo_ros: 3.9.0 (/opt/ros/humble/share/gazebo_ros/cmake)
[0.388s] -- Found DART: /usr/include (Required is at least version "6.6") found components: dart 
[0.408s] -- Found Protobuf: /usr/lib/x86_64-linux-gnu/libprotobuf.so (found version "3.12.4") 
[0.408s] -- Looking for ignition-math6 -- found version 6.15.1
[0.411s] -- Searching for dependencies of ignition-math6
[0.412s] -- Looking for OGRE...
[0.417s] -- Found Ogre Ghadamon (1.9.0)
[0.417s] -- Found OGRE: optimized;/usr/lib/x86_64-linux-gnu/libOgreMain.so;debug;/usr/lib/x86_64-linux-gnu/libOgreMain.so
[0.425s] -- Looking for OGRE_Paging...
[0.425s] -- Found OGRE_Paging: optimized;/usr/lib/x86_64-linux-gnu/libOgrePaging.so;debug;/usr/lib/x86_64-linux-gnu/libOgrePaging.so
[0.425s] -- Looking for OGRE_Terrain...
[0.425s] -- Found OGRE_Terrain: optimized;/usr/lib/x86_64-linux-gnu/libOgreTerrain.so;debug;/usr/lib/x86_64-linux-gnu/libOgreTerrain.so
[0.425s] -- Looking for OGRE_Property...
[0.425s] -- Found OGRE_Property: optimized;/usr/lib/x86_64-linux-gnu/libOgreProperty.so;debug;/usr/lib/x86_64-linux-gnu/libOgreProperty.so
[0.425s] -- Looking for OGRE_RTShaderSystem...
[0.425s] -- Found OGRE_RTShaderSystem: optimized;/usr/lib/x86_64-linux-gnu/libOgreRTShaderSystem.so;debug;/usr/lib/x86_64-linux-gnu/libOgreRTShaderSystem.so
[0.425s] -- Looking for OGRE_Volume...
[0.425s] -- Found OGRE_Volume: optimized;/usr/lib/x86_64-linux-gnu/libOgreVolume.so;debug;/usr/lib/x86_64-linux-gnu/libOgreVolume.so
[0.425s] -- Looking for OGRE_Overlay...
[0.425s] -- Found OGRE_Overlay: optimized;/usr/lib/x86_64-linux-gnu/libOgreOverlay.so;debug;/usr/lib/x86_64-linux-gnu/libOgreOverlay.so
[0.489s] -- Looking for ignition-math6 -- found version 6.15.1
[0.490s] -- Looking for ignition-transport8 -- found version 8.2.1
[0.490s] -- Searching for dependencies of ignition-transport8
[0.503s] -- Found Protobuf: /usr/lib/x86_64-linux-gnu/libprotobuf.so (found suitable version "3.12.4", minimum required is "3") 
[0.510s] -- Config-file not installed for ZeroMQ -- checking for pkg-config
[0.514s] -- Checking for module 'libzmq >= 4'
[0.525s] --   Found libzmq , version 4.3.4
[0.584s] -- Checking for module 'uuid'
[0.602s] --   Found uuid, version 2.37.2
[0.653s] -- Looking for ignition-msgs5 -- found version 5.8.1
[0.654s] -- Searching for dependencies of ignition-msgs5
[0.676s] -- Looking for ignition-math6 -- found version 6.15.1
[0.685s] -- Looking for ignition-msgs5 -- found version 5.8.1
[0.685s] -- Looking for ignition-common3 -- found version 3.14.0
[0.686s] -- Searching for dependencies of ignition-common3
[0.686s] -- Looking for dlfcn.h - found
[0.686s] -- Looking for libdl - found
[0.704s] -- Searching for <ignition-common3> component [graphics]
[0.705s] -- Looking for ignition-common3-graphics -- found version 3.14.0
[0.706s] -- Searching for dependencies of ignition-common3-graphics
[0.706s] -- Looking for ignition-math6 -- found version 6.15.1
[0.708s] -- Looking for ignition-fuel_tools4 -- found version 4.4.0
[0.708s] -- Searching for dependencies of ignition-fuel_tools4
[0.752s] -- Checking for module 'jsoncpp'
[0.771s] --   Found jsoncpp, version 1.9.5
[0.826s] -- Checking for module 'libzip'
[0.840s] --   Found libzip, version 1.7.3
[0.891s] -- Looking for ignition-common3 -- found version 3.14.0
[0.891s] -- Looking for ignition-math6 -- found version 6.15.1
[0.892s] -- Looking for ignition-msgs5 -- found version 5.8.1
[0.894s] -- Gazebo version: 11.10
[0.896s] -- Found nav2_bringup: 1.1.20 (/opt/ros/humble/share/nav2_bringup/cmake)
[0.897s] -- Found ament_lint_auto: 0.12.15 (/opt/ros/humble/share/ament_lint_auto/cmake)
[0.955s] -- Added test 'cppcheck' to perform static code analysis on C / C++ code
[0.955s] -- Configured cppcheck include dirs: 
[0.955s] -- Configured cppcheck exclude dirs and/or files: 
[0.956s] -- Added test 'flake8' to check Python code syntax and style conventions
[0.958s] -- Added test 'lint_cmake' to check CMake code style
[0.959s] -- Added test 'pep257' to check Python code against some of the docstring style conventions in PEP 257
[0.963s] -- Added test 'uncrustify' to check C / C++ code style
[0.963s] -- Configured uncrustify additional arguments: 
[0.964s] -- Added test 'xmllint' to check XML markup files
[0.965s] -- Configuring done
[0.969s] -- Generating done
[0.971s] -- Build files have been written to: /home/sathish/ros2_ws/build/minimal_sim
[0.981s] Invoked command in '/home/sathish/ros2_ws/build/minimal_sim' returned '0': CMAKE_PREFIX_PATH=${CMAKE_PREFIX_PATH}:/opt/ros/humble /usr/bin/cmake /home/sathish/ros2_ws/src/minimal_sim -DAMENT_CMAKE_SYMLINK_INSTALL=1 -DCMAKE_INSTALL_PREFIX=/home/sathish/ros2_ws/install/minimal_sim
[0.981s] Invoking command in '/home/sathish/ros2_ws/build/minimal_sim': CMAKE_PREFIX_PATH=${CMAKE_PREFIX_PATH}:/opt/ros/humble /usr/bin/cmake --build /home/sathish/ros2_ws/build/minimal_sim -- -j12 -l12
[1.019s] Invoked command in '/home/sathish/ros2_ws/build/minimal_sim' returned '0': CMAKE_PREFIX_PATH=${CMAKE_PREFIX_PATH}:/opt/ros/humble /usr/bin/cmake --build /home/sathish/ros2_ws/build/minimal_sim -- -j12 -l12
[1.034s] Invoking command in '/home/sathish/ros2_ws/build/minimal_sim': CMAKE_PREFIX_PATH=${CMAKE_PREFIX_PATH}:/opt/ros/humble /usr/bin/cmake --install /home/sathish/ros2_ws/build/minimal_sim
[1.041s] -- Install configuration: ""
[1.041s] -- Execute custom install script
[1.042s] -- Up-to-date symlink: /home/sathish/ros2_ws/install/minimal_sim/share/ament_index/resource_index/package_run_dependencies/minimal_sim
[1.042s] -- Up-to-date symlink: /home/sathish/ros2_ws/install/minimal_sim/share/ament_index/resource_index/parent_prefix_path/minimal_sim
[1.042s] -- Up-to-date symlink: /home/sathish/ros2_ws/install/minimal_sim/share/minimal_sim/environment/ament_prefix_path.sh
[1.042s] -- Up-to-date symlink: /home/sathish/ros2_ws/install/minimal_sim/share/minimal_sim/environment/ament_prefix_path.dsv
[1.042s] -- Up-to-date symlink: /home/sathish/ros2_ws/install/minimal_sim/share/minimal_sim/environment/path.sh
[1.043s] -- Up-to-date symlink: /home/sathish/ros2_ws/install/minimal_sim/share/minimal_sim/environment/path.dsv
[1.043s] -- Up-to-date symlink: /home/sathish/ros2_ws/install/minimal_sim/share/minimal_sim/local_setup.bash
[1.043s] -- Up-to-date symlink: /home/sathish/ros2_ws/install/minimal_sim/share/minimal_sim/local_setup.sh
[1.043s] -- Up-to-date symlink: /home/sathish/ros2_ws/install/minimal_sim/share/minimal_sim/local_setup.zsh
[1.043s] -- Up-to-date symlink: /home/sathish/ros2_ws/install/minimal_sim/share/minimal_sim/local_setup.dsv
[1.043s] -- Symlinking: /home/sathish/ros2_ws/install/minimal_sim/share/minimal_sim/package.dsv
[1.051s] -- Up-to-date symlink: /home/sathish/ros2_ws/install/minimal_sim/share/ament_index/resource_index/packages/minimal_sim
[1.051s] -- Up-to-date symlink: /home/sathish/ros2_ws/install/minimal_sim/share/minimal_sim/cmake/minimal_simConfig.cmake
[1.051s] -- Up-to-date symlink: /home/sathish/ros2_ws/install/minimal_sim/share/minimal_sim/cmake/minimal_simConfig-version.cmake
[1.052s] -- Up-to-date symlink: /home/sathish/ros2_ws/install/minimal_sim/share/minimal_sim/package.xml
[1.052s] -- Up-to-date symlink: /home/sathish/ros2_ws/install/minimal_sim/share/minimal_sim/launch/bringup.launch.py
[1.052s] -- Up-to-date symlink: /home/sathish/ros2_ws/install/minimal_sim/share/minimal_sim/urdf/minimal_bot.urdf
[1.054s] Invoked command in '/home/sathish/ros2_ws/build/minimal_sim' returned '0': CMAKE_PREFIX_PATH=${CMAKE_PREFIX_PATH}:/opt/ros/humble /usr/bin/cmake --install /home/sathish/ros2_ws/build/minimal_sim
