[0.068s] DEBUG:colcon:Command line arguments: ['/usr/bin/colcon', 'build', '--symlink-install']
[0.068s] DEBUG:colcon:Parsed command line arguments: Namespace(log_base=None, log_level=None, verb_name='build', build_base='build', install_base='install', merge_install=False, symlink_install=True, test_result_base=None, continue_on_error=False, executor='parallel', parallel_workers=12, event_handlers=None, ignore_user_meta=False, metas=['./colcon.meta'], base_paths=['.'], packages_ignore=None, packages_ignore_regex=None, paths=None, packages_up_to=None, packages_up_to_regex=None, packages_above=None, packages_above_and_dependencies=None, packages_above_depth=None, packages_select_by_dep=None, packages_skip_by_dep=None, packages_skip_up_to=None, packages_select_build_failed=False, packages_skip_build_finished=False, packages_select_test_failures=False, packages_skip_test_passed=False, packages_select=None, packages_skip=None, packages_select_regex=None, packages_skip_regex=None, packages_start=None, packages_end=None, allow_overriding=[], cmake_args=None, cmake_target=None, cmake_target_skip_unavailable=False, cmake_clean_cache=False, cmake_clean_first=False, cmake_force_configure=False, ament_cmake_args=None, catkin_cmake_args=None, catkin_skip_building_tests=False, mixin_files=None, mixin=None, verb_parser=<colcon_mixin.mixin.mixin_argument.MixinArgumentDecorator object at 0x71f11825aaa0>, verb_extension=<colcon_core.verb.build.BuildVerb object at 0x71f1183639a0>, main=<bound method BuildVerb.main of <colcon_core.verb.build.BuildVerb object at 0x71f1183639a0>>, mixin_verb=('build',))
[0.266s] Level 1:colcon.colcon_core.package_discovery:discover_packages(colcon_meta) check parameters
[0.266s] Level 1:colcon.colcon_core.package_discovery:discover_packages(recursive) check parameters
[0.267s] Level 1:colcon.colcon_core.package_discovery:discover_packages(ignore) check parameters
[0.267s] Level 1:colcon.colcon_core.package_discovery:discover_packages(path) check parameters
[0.267s] Level 1:colcon.colcon_core.package_discovery:discover_packages(colcon_meta) discover
[0.267s] Level 1:colcon.colcon_core.package_discovery:discover_packages(recursive) discover
[0.267s] INFO:colcon.colcon_core.package_discovery:Crawling recursively for packages in '/home/sathish/ros2_ws/src/minimal_sim'
[0.267s] Level 1:colcon.colcon_core.package_identification:_identify(.) by extensions ['ignore', 'ignore_ament_install']
[0.267s] Level 1:colcon.colcon_core.package_identification:_identify(.) by extension 'ignore'
[0.267s] Level 1:colcon.colcon_core.package_identification:_identify(.) by extension 'ignore_ament_install'
[0.267s] Level 1:colcon.colcon_core.package_identification:_identify(.) by extensions ['colcon_pkg']
[0.267s] Level 1:colcon.colcon_core.package_identification:_identify(.) by extension 'colcon_pkg'
[0.267s] Level 1:colcon.colcon_core.package_identification:_identify(.) by extensions ['colcon_meta']
[0.267s] Level 1:colcon.colcon_core.package_identification:_identify(.) by extension 'colcon_meta'
[0.267s] Level 1:colcon.colcon_core.package_identification:_identify(.) by extensions ['ros']
[0.267s] Level 1:colcon.colcon_core.package_identification:_identify(.) by extension 'ros'
[0.276s] DEBUG:colcon.colcon_core.package_identification:Package '.' with type 'ros.ament_cmake' and name 'minimal_sim'
[0.277s] Level 1:colcon.colcon_core.package_discovery:discover_packages(recursive) using defaults
[0.277s] Level 1:colcon.colcon_core.package_discovery:discover_packages(ignore) discover
[0.277s] Level 1:colcon.colcon_core.package_discovery:discover_packages(ignore) using defaults
[0.277s] Level 1:colcon.colcon_core.package_discovery:discover_packages(path) discover
[0.277s] Level 1:colcon.colcon_core.package_discovery:discover_packages(path) using defaults
[0.304s] Level 1:colcon.colcon_core.package_discovery:discover_packages(prefix_path) check parameters
[0.304s] Level 1:colcon.colcon_core.package_discovery:discover_packages(prefix_path) discover
[0.306s] DEBUG:colcon.colcon_installed_package_information.package_discovery:Found 454 installed packages in /opt/ros/humble
[0.308s] Level 1:colcon.colcon_core.package_discovery:discover_packages(prefix_path) using defaults
[0.340s] Level 5:colcon.colcon_core.verb:set package 'minimal_sim' build argument 'cmake_args' from command line to 'None'
[0.340s] Level 5:colcon.colcon_core.verb:set package 'minimal_sim' build argument 'cmake_target' from command line to 'None'
[0.340s] Level 5:colcon.colcon_core.verb:set package 'minimal_sim' build argument 'cmake_target_skip_unavailable' from command line to 'False'
[0.340s] Level 5:colcon.colcon_core.verb:set package 'minimal_sim' build argument 'cmake_clean_cache' from command line to 'False'
[0.340s] Level 5:colcon.colcon_core.verb:set package 'minimal_sim' build argument 'cmake_clean_first' from command line to 'False'
[0.340s] Level 5:colcon.colcon_core.verb:set package 'minimal_sim' build argument 'cmake_force_configure' from command line to 'False'
[0.340s] Level 5:colcon.colcon_core.verb:set package 'minimal_sim' build argument 'ament_cmake_args' from command line to 'None'
[0.340s] Level 5:colcon.colcon_core.verb:set package 'minimal_sim' build argument 'catkin_cmake_args' from command line to 'None'
[0.340s] Level 5:colcon.colcon_core.verb:set package 'minimal_sim' build argument 'catkin_skip_building_tests' from command line to 'False'
[0.340s] DEBUG:colcon.colcon_core.verb:Building package 'minimal_sim' with the following arguments: {'ament_cmake_args': None, 'build_base': '/home/sathish/ros2_ws/src/minimal_sim/build/minimal_sim', 'catkin_cmake_args': None, 'catkin_skip_building_tests': False, 'cmake_args': None, 'cmake_clean_cache': False, 'cmake_clean_first': False, 'cmake_force_configure': False, 'cmake_target': None, 'cmake_target_skip_unavailable': False, 'install_base': '/home/sathish/ros2_ws/src/minimal_sim/install/minimal_sim', 'merge_install': False, 'path': '/home/sathish/ros2_ws/src/minimal_sim', 'symlink_install': True, 'test_result_base': None}
[0.341s] INFO:colcon.colcon_core.executor:Executing jobs using 'parallel' executor
[0.341s] DEBUG:colcon.colcon_parallel_executor.executor.parallel:run_until_complete
[0.342s] INFO:colcon.colcon_ros.task.ament_cmake.build:Building ROS package in '/home/sathish/ros2_ws/src/minimal_sim' with build type 'ament_cmake'
[0.342s] INFO:colcon.colcon_cmake.task.cmake.build:Building CMake package in '/home/sathish/ros2_ws/src/minimal_sim'
[0.345s] INFO:colcon.colcon_core.plugin_system:Skipping extension 'colcon_core.shell.bat': Not used on non-Windows systems
[0.345s] INFO:colcon.colcon_core.shell:Skip shell extension 'powershell' for command environment: Not usable outside of PowerShell
[0.345s] DEBUG:colcon.colcon_core.shell:Skip shell extension 'dsv' for command environment
[0.352s] DEBUG:colcon.colcon_core.event_handler.log_command:Invoking command in '/home/sathish/ros2_ws/src/minimal_sim/build/minimal_sim': CMAKE_PREFIX_PATH=/opt/ros/humble /usr/bin/cmake /home/sathish/ros2_ws/src/minimal_sim -DAMENT_CMAKE_SYMLINK_INSTALL=1 -DCMAKE_INSTALL_PREFIX=/home/sathish/ros2_ws/src/minimal_sim/install/minimal_sim
[3.035s] DEBUG:colcon.colcon_core.event_handler.log_command:Invoked command in '/home/sathish/ros2_ws/src/minimal_sim/build/minimal_sim' returned '0': CMAKE_PREFIX_PATH=/opt/ros/humble /usr/bin/cmake /home/sathish/ros2_ws/src/minimal_sim -DAMENT_CMAKE_SYMLINK_INSTALL=1 -DCMAKE_INSTALL_PREFIX=/home/sathish/ros2_ws/src/minimal_sim/install/minimal_sim
[3.036s] DEBUG:colcon.colcon_core.event_handler.log_command:Invoking command in '/home/sathish/ros2_ws/src/minimal_sim/build/minimal_sim': CMAKE_PREFIX_PATH=/opt/ros/humble /usr/bin/cmake --build /home/sathish/ros2_ws/src/minimal_sim/build/minimal_sim -- -j12 -l12
[3.080s] DEBUG:colcon.colcon_core.event_handler.log_command:Invoked command in '/home/sathish/ros2_ws/src/minimal_sim/build/minimal_sim' returned '0': CMAKE_PREFIX_PATH=/opt/ros/humble /usr/bin/cmake --build /home/sathish/ros2_ws/src/minimal_sim/build/minimal_sim -- -j12 -l12
[3.090s] DEBUG:colcon.colcon_core.event_handler.log_command:Invoking command in '/home/sathish/ros2_ws/src/minimal_sim/build/minimal_sim': CMAKE_PREFIX_PATH=/opt/ros/humble /usr/bin/cmake --install /home/sathish/ros2_ws/src/minimal_sim/build/minimal_sim
[3.290s] Level 1:colcon.colcon_core.environment:create_environment_scripts_only(minimal_sim)
[3.291s] DEBUG:colcon.colcon_core.event_handler.log_command:Invoked command in '/home/sathish/ros2_ws/src/minimal_sim/build/minimal_sim' returned '0': CMAKE_PREFIX_PATH=/opt/ros/humble /usr/bin/cmake --install /home/sathish/ros2_ws/src/minimal_sim/build/minimal_sim
[3.302s] Level 1:colcon.colcon_core.environment:checking '/home/sathish/ros2_ws/src/minimal_sim/install/minimal_sim' for CMake module files
[3.302s] Level 1:colcon.colcon_core.environment:checking '/home/sathish/ros2_ws/src/minimal_sim/install/minimal_sim' for CMake config files
[3.303s] Level 1:colcon.colcon_core.shell:create_environment_hook('minimal_sim', 'cmake_prefix_path')
[3.303s] INFO:colcon.colcon_core.shell:Creating environment hook '/home/sathish/ros2_ws/src/minimal_sim/install/minimal_sim/share/minimal_sim/hook/cmake_prefix_path.ps1'
[3.304s] INFO:colcon.colcon_core.shell:Creating environment descriptor '/home/sathish/ros2_ws/src/minimal_sim/install/minimal_sim/share/minimal_sim/hook/cmake_prefix_path.dsv'
[3.305s] INFO:colcon.colcon_core.shell:Creating environment hook '/home/sathish/ros2_ws/src/minimal_sim/install/minimal_sim/share/minimal_sim/hook/cmake_prefix_path.sh'
[3.306s] Level 1:colcon.colcon_core.environment:checking '/home/sathish/ros2_ws/src/minimal_sim/install/minimal_sim/bin'
[3.306s] Level 1:colcon.colcon_core.environment:checking '/home/sathish/ros2_ws/src/minimal_sim/install/minimal_sim/lib/pkgconfig/minimal_sim.pc'
[3.306s] Level 1:colcon.colcon_core.environment:checking '/home/sathish/ros2_ws/src/minimal_sim/install/minimal_sim/lib/python3.10/site-packages'
[3.306s] Level 1:colcon.colcon_core.environment:checking '/home/sathish/ros2_ws/src/minimal_sim/install/minimal_sim/bin'
[3.307s] INFO:colcon.colcon_core.shell:Creating package script '/home/sathish/ros2_ws/src/minimal_sim/install/minimal_sim/share/minimal_sim/package.ps1'
[3.308s] INFO:colcon.colcon_core.shell:Creating package descriptor '/home/sathish/ros2_ws/src/minimal_sim/install/minimal_sim/share/minimal_sim/package.dsv'
[3.308s] INFO:colcon.colcon_core.shell:Creating package script '/home/sathish/ros2_ws/src/minimal_sim/install/minimal_sim/share/minimal_sim/package.sh'
[3.309s] INFO:colcon.colcon_core.shell:Creating package script '/home/sathish/ros2_ws/src/minimal_sim/install/minimal_sim/share/minimal_sim/package.bash'
[3.310s] INFO:colcon.colcon_core.shell:Creating package script '/home/sathish/ros2_ws/src/minimal_sim/install/minimal_sim/share/minimal_sim/package.zsh'
[3.311s] Level 1:colcon.colcon_core.environment:create_file_with_runtime_dependencies(/home/sathish/ros2_ws/src/minimal_sim/install/minimal_sim/share/colcon-core/packages/minimal_sim)
[3.312s] Level 1:colcon.colcon_core.environment:create_environment_scripts_only(minimal_sim)
[3.312s] Level 1:colcon.colcon_core.environment:checking '/home/sathish/ros2_ws/src/minimal_sim/install/minimal_sim' for CMake module files
[3.312s] Level 1:colcon.colcon_core.environment:checking '/home/sathish/ros2_ws/src/minimal_sim/install/minimal_sim' for CMake config files
[3.313s] Level 1:colcon.colcon_core.shell:create_environment_hook('minimal_sim', 'cmake_prefix_path')
[3.313s] INFO:colcon.colcon_core.shell:Creating environment hook '/home/sathish/ros2_ws/src/minimal_sim/install/minimal_sim/share/minimal_sim/hook/cmake_prefix_path.ps1'
[3.314s] INFO:colcon.colcon_core.shell:Creating environment descriptor '/home/sathish/ros2_ws/src/minimal_sim/install/minimal_sim/share/minimal_sim/hook/cmake_prefix_path.dsv'
[3.314s] INFO:colcon.colcon_core.shell:Creating environment hook '/home/sathish/ros2_ws/src/minimal_sim/install/minimal_sim/share/minimal_sim/hook/cmake_prefix_path.sh'
[3.315s] Level 1:colcon.colcon_core.environment:checking '/home/sathish/ros2_ws/src/minimal_sim/install/minimal_sim/bin'
[3.315s] Level 1:colcon.colcon_core.environment:checking '/home/sathish/ros2_ws/src/minimal_sim/install/minimal_sim/lib/pkgconfig/minimal_sim.pc'
[3.315s] Level 1:colcon.colcon_core.environment:checking '/home/sathish/ros2_ws/src/minimal_sim/install/minimal_sim/lib/python3.10/site-packages'
[3.316s] Level 1:colcon.colcon_core.environment:checking '/home/sathish/ros2_ws/src/minimal_sim/install/minimal_sim/bin'
[3.317s] INFO:colcon.colcon_core.shell:Creating package script '/home/sathish/ros2_ws/src/minimal_sim/install/minimal_sim/share/minimal_sim/package.ps1'
[3.317s] INFO:colcon.colcon_core.shell:Creating package descriptor '/home/sathish/ros2_ws/src/minimal_sim/install/minimal_sim/share/minimal_sim/package.dsv'
[3.318s] INFO:colcon.colcon_core.shell:Creating package script '/home/sathish/ros2_ws/src/minimal_sim/install/minimal_sim/share/minimal_sim/package.sh'
[3.318s] INFO:colcon.colcon_core.shell:Creating package script '/home/sathish/ros2_ws/src/minimal_sim/install/minimal_sim/share/minimal_sim/package.bash'
[3.319s] INFO:colcon.colcon_core.shell:Creating package script '/home/sathish/ros2_ws/src/minimal_sim/install/minimal_sim/share/minimal_sim/package.zsh'
[3.319s] Level 1:colcon.colcon_core.environment:create_file_with_runtime_dependencies(/home/sathish/ros2_ws/src/minimal_sim/install/minimal_sim/share/colcon-core/packages/minimal_sim)
[3.319s] DEBUG:colcon.colcon_parallel_executor.executor.parallel:closing loop
[3.319s] DEBUG:colcon.colcon_parallel_executor.executor.parallel:loop closed
[3.320s] DEBUG:colcon.colcon_parallel_executor.executor.parallel:run_until_complete finished with '0'
[3.320s] DEBUG:colcon.colcon_core.event_reactor:joining thread
[3.326s] INFO:colcon.colcon_core.plugin_system:Skipping extension 'colcon_notification.desktop_notification.terminal_notifier': Not used on non-Darwin systems
[3.326s] INFO:colcon.colcon_core.plugin_system:Skipping extension 'colcon_notification.desktop_notification.win32': Not used on non-Windows systems
[3.327s] INFO:colcon.colcon_notification.desktop_notification:Sending desktop notification using 'notify2'
[3.350s] DEBUG:colcon.colcon_core.event_reactor:joined thread
[3.351s] INFO:colcon.colcon_core.shell:Creating prefix script '/home/sathish/ros2_ws/src/minimal_sim/install/local_setup.ps1'
[3.352s] INFO:colcon.colcon_core.shell:Creating prefix util module '/home/sathish/ros2_ws/src/minimal_sim/install/_local_setup_util_ps1.py'
[3.353s] INFO:colcon.colcon_core.shell:Creating prefix chain script '/home/sathish/ros2_ws/src/minimal_sim/install/setup.ps1'
[3.354s] INFO:colcon.colcon_core.shell:Creating prefix script '/home/sathish/ros2_ws/src/minimal_sim/install/local_setup.sh'
[3.354s] INFO:colcon.colcon_core.shell:Creating prefix util module '/home/sathish/ros2_ws/src/minimal_sim/install/_local_setup_util_sh.py'
[3.355s] INFO:colcon.colcon_core.shell:Creating prefix chain script '/home/sathish/ros2_ws/src/minimal_sim/install/setup.sh'
[3.356s] INFO:colcon.colcon_core.shell:Creating prefix script '/home/sathish/ros2_ws/src/minimal_sim/install/local_setup.bash'
[3.356s] INFO:colcon.colcon_core.shell:Creating prefix chain script '/home/sathish/ros2_ws/src/minimal_sim/install/setup.bash'
[3.357s] INFO:colcon.colcon_core.shell:Creating prefix script '/home/sathish/ros2_ws/src/minimal_sim/install/local_setup.zsh'
[3.357s] INFO:colcon.colcon_core.shell:Creating prefix chain script '/home/sathish/ros2_ws/src/minimal_sim/install/setup.zsh'
