[0.008s] Invoking command in '/home/sathish/ros2_ws/build/minimal_sim': CMAKE_PREFIX_PATH=${CMAKE_PREFIX_PATH}:/opt/ros/humble /usr/bin/cmake /home/sathish/ros2_ws/src/minimal_sim -DCMAKE_INSTALL_PREFIX=/home/sathish/ros2_ws/install/minimal_sim
[0.017s] -- Found ament_cmake: 1.3.13 (/opt/ros/humble/share/ament_cmake/cmake)
[0.104s] -- Override CMake install command with custom implementation using symlinks instead of copying resources
[0.108s] -- Found rclcpp: 16.0.18 (/opt/ros/humble/share/rclcpp/cmake)
[0.127s] -- Found rosidl_generator_c: 3.1.8 (/opt/ros/humble/share/rosidl_generator_c/cmake)
[0.129s] -- Found rosidl_adapter: 3.1.8 (/opt/ros/humble/share/rosidl_adapter/cmake)
[0.133s] -- Found rosidl_generator_cpp: 3.1.8 (/opt/ros/humble/share/rosidl_generator_cpp/cmake)
[0.139s] -- Using all available rosidl_typesupport_c: rosidl_typesupport_fastrtps_c;rosidl_typesupport_introspection_c
[0.147s] -- Using all available rosidl_typesupport_cpp: rosidl_typesupport_fastrtps_cpp;rosidl_typesupport_introspection_cpp
[0.167s] -- Found rmw_implementation_cmake: 6.1.2 (/opt/ros/humble/share/rmw_implementation_cmake/cmake)
[0.168s] -- Found rmw_fastrtps_cpp: 6.2.10 (/opt/ros/humble/share/rmw_fastrtps_cpp/cmake)
[0.241s] -- Using RMW implementation 'rmw_fastrtps_cpp' as default
[0.273s] -- Found robot_state_publisher: 3.0.3 (/opt/ros/humble/share/robot_state_publisher/cmake)
[0.283s] -- Found eigen3_cmake_module: 0.1.1 (/opt/ros/humble/share/eigen3_cmake_module/cmake)
[0.284s] -- Ensuring Eigen3 include directory is part of orocos-kdl CMake target
[0.363s] -- Found gazebo_ros: 3.9.0 (/opt/ros/humble/share/gazebo_ros/cmake)
[0.390s] -- Found DART: /usr/include (Required is at least version "6.6") found components: dart 
[0.422s] -- Found Protobuf: /usr/lib/x86_64-linux-gnu/libprotobuf.so (found version "3.12.4") 
[0.424s] -- Looking for ignition-math6 -- found version 6.15.1
[0.432s] -- Searching for dependencies of ignition-math6
[0.433s] -- Looking for OGRE...
[0.438s] -- Found Ogre Ghadamon (1.9.0)
[0.438s] -- Found OGRE: optimized;/usr/lib/x86_64-linux-gnu/libOgreMain.so;debug;/usr/lib/x86_64-linux-gnu/libOgreMain.so
[0.447s] -- Looking for OGRE_Paging...
[0.447s] -- Found OGRE_Paging: optimized;/usr/lib/x86_64-linux-gnu/libOgrePaging.so;debug;/usr/lib/x86_64-linux-gnu/libOgrePaging.so
[0.447s] -- Looking for OGRE_Terrain...
[0.447s] -- Found OGRE_Terrain: optimized;/usr/lib/x86_64-linux-gnu/libOgreTerrain.so;debug;/usr/lib/x86_64-linux-gnu/libOgreTerrain.so
[0.447s] -- Looking for OGRE_Property...
[0.447s] -- Found OGRE_Property: optimized;/usr/lib/x86_64-linux-gnu/libOgreProperty.so;debug;/usr/lib/x86_64-linux-gnu/libOgreProperty.so
[0.447s] -- Looking for OGRE_RTShaderSystem...
[0.447s] -- Found OGRE_RTShaderSystem: optimized;/usr/lib/x86_64-linux-gnu/libOgreRTShaderSystem.so;debug;/usr/lib/x86_64-linux-gnu/libOgreRTShaderSystem.so
[0.447s] -- Looking for OGRE_Volume...
[0.447s] -- Found OGRE_Volume: optimized;/usr/lib/x86_64-linux-gnu/libOgreVolume.so;debug;/usr/lib/x86_64-linux-gnu/libOgreVolume.so
[0.447s] -- Looking for OGRE_Overlay...
[0.447s] -- Found OGRE_Overlay: optimized;/usr/lib/x86_64-linux-gnu/libOgreOverlay.so;debug;/usr/lib/x86_64-linux-gnu/libOgreOverlay.so
[0.512s] -- Looking for ignition-math6 -- found version 6.15.1
[0.512s] -- Looking for ignition-transport8 -- found version 8.2.1
[0.512s] -- Searching for dependencies of ignition-transport8
[0.526s] -- Found Protobuf: /usr/lib/x86_64-linux-gnu/libprotobuf.so (found suitable version "3.12.4", minimum required is "3") 
[0.533s] -- Config-file not installed for ZeroMQ -- checking for pkg-config
[0.537s] -- Checking for module 'libzmq >= 4'
[0.548s] --   Found libzmq , version 4.3.4
[0.604s] -- Checking for module 'uuid'
[0.622s] --   Found uuid, version 2.37.2
[0.666s] -- Looking for ignition-msgs5 -- found version 5.8.1
[0.666s] -- Searching for dependencies of ignition-msgs5
[0.680s] -- Looking for ignition-math6 -- found version 6.15.1
[0.687s] -- Looking for ignition-msgs5 -- found version 5.8.1
[0.687s] -- Looking for ignition-common3 -- found version 3.14.0
[0.688s] -- Searching for dependencies of ignition-common3
[0.688s] -- Looking for dlfcn.h - found
[0.688s] -- Looking for libdl - found
[0.699s] -- Searching for <ignition-common3> component [graphics]
[0.699s] -- Looking for ignition-common3-graphics -- found version 3.14.0
[0.699s] -- Searching for dependencies of ignition-common3-graphics
[0.700s] -- Looking for ignition-math6 -- found version 6.15.1
[0.700s] -- Looking for ignition-fuel_tools4 -- found version 4.4.0
[0.701s] -- Searching for dependencies of ignition-fuel_tools4
[0.730s] -- Checking for module 'jsoncpp'
[0.746s] --   Found jsoncpp, version 1.9.5
[0.807s] -- Checking for module 'libzip'
[0.825s] --   Found libzip, version 1.7.3
[0.878s] -- Looking for ignition-common3 -- found version 3.14.0
[0.879s] -- Looking for ignition-math6 -- found version 6.15.1
[0.880s] -- Looking for ignition-msgs5 -- found version 5.8.1
[0.882s] -- Gazebo version: 11.10
[0.884s] -- Found nav2_bringup: 1.1.20 (/opt/ros/humble/share/nav2_bringup/cmake)
[0.885s] -- Found ament_lint_auto: 0.12.15 (/opt/ros/humble/share/ament_lint_auto/cmake)
[0.941s] -- Added test 'cppcheck' to perform static code analysis on C / C++ code
[0.941s] -- Configured cppcheck include dirs: 
[0.941s] -- Configured cppcheck exclude dirs and/or files: 
[0.941s] -- Added test 'flake8' to check Python code syntax and style conventions
[0.943s] -- Added test 'lint_cmake' to check CMake code style
[0.943s] -- Added test 'pep257' to check Python code against some of the docstring style conventions in PEP 257
[0.947s] -- Added test 'uncrustify' to check C / C++ code style
[0.948s] -- Configured uncrustify additional arguments: 
[0.948s] -- Added test 'xmllint' to check XML markup files
[0.949s] -- Configuring done
[0.952s] -- Generating done
[0.954s] -- Build files have been written to: /home/sathish/ros2_ws/build/minimal_sim
[0.962s] Invoked command in '/home/sathish/ros2_ws/build/minimal_sim' returned '0': CMAKE_PREFIX_PATH=${CMAKE_PREFIX_PATH}:/opt/ros/humble /usr/bin/cmake /home/sathish/ros2_ws/src/minimal_sim -DCMAKE_INSTALL_PREFIX=/home/sathish/ros2_ws/install/minimal_sim
[0.964s] Invoking command in '/home/sathish/ros2_ws/build/minimal_sim': CMAKE_PREFIX_PATH=${CMAKE_PREFIX_PATH}:/opt/ros/humble /usr/bin/cmake --build /home/sathish/ros2_ws/build/minimal_sim -- -j12 -l12
[1.006s] Invoked command in '/home/sathish/ros2_ws/build/minimal_sim' returned '0': CMAKE_PREFIX_PATH=${CMAKE_PREFIX_PATH}:/opt/ros/humble /usr/bin/cmake --build /home/sathish/ros2_ws/build/minimal_sim -- -j12 -l12
[1.018s] Invoking command in '/home/sathish/ros2_ws/build/minimal_sim': CMAKE_PREFIX_PATH=${CMAKE_PREFIX_PATH}:/opt/ros/humble /usr/bin/cmake --install /home/sathish/ros2_ws/build/minimal_sim
[1.025s] -- Install configuration: ""
[1.025s] -- Execute custom install script
[1.025s] -- Up-to-date symlink: /home/sathish/ros2_ws/install/minimal_sim/share/ament_index/resource_index/package_run_dependencies/minimal_sim
[1.026s] -- Up-to-date symlink: /home/sathish/ros2_ws/install/minimal_sim/share/ament_index/resource_index/parent_prefix_path/minimal_sim
[1.026s] -- Up-to-date symlink: /home/sathish/ros2_ws/install/minimal_sim/share/minimal_sim/environment/ament_prefix_path.sh
[1.026s] -- Up-to-date symlink: /home/sathish/ros2_ws/install/minimal_sim/share/minimal_sim/environment/ament_prefix_path.dsv
[1.026s] -- Up-to-date symlink: /home/sathish/ros2_ws/install/minimal_sim/share/minimal_sim/environment/path.sh
[1.026s] -- Up-to-date symlink: /home/sathish/ros2_ws/install/minimal_sim/share/minimal_sim/environment/path.dsv
[1.026s] -- Up-to-date symlink: /home/sathish/ros2_ws/install/minimal_sim/share/minimal_sim/local_setup.bash
[1.027s] -- Up-to-date symlink: /home/sathish/ros2_ws/install/minimal_sim/share/minimal_sim/local_setup.sh
[1.027s] -- Up-to-date symlink: /home/sathish/ros2_ws/install/minimal_sim/share/minimal_sim/local_setup.zsh
[1.027s] -- Up-to-date symlink: /home/sathish/ros2_ws/install/minimal_sim/share/minimal_sim/local_setup.dsv
[1.027s] -- Symlinking: /home/sathish/ros2_ws/install/minimal_sim/share/minimal_sim/package.dsv
[1.035s] -- Up-to-date symlink: /home/sathish/ros2_ws/install/minimal_sim/share/ament_index/resource_index/packages/minimal_sim
[1.035s] -- Up-to-date symlink: /home/sathish/ros2_ws/install/minimal_sim/share/minimal_sim/cmake/minimal_simConfig.cmake
[1.035s] -- Up-to-date symlink: /home/sathish/ros2_ws/install/minimal_sim/share/minimal_sim/cmake/minimal_simConfig-version.cmake
[1.035s] -- Up-to-date symlink: /home/sathish/ros2_ws/install/minimal_sim/share/minimal_sim/package.xml
[1.035s] -- Up-to-date symlink: /home/sathish/ros2_ws/install/minimal_sim/share/minimal_sim/launch/bringup.launch.py
[1.035s] -- Up-to-date symlink: /home/sathish/ros2_ws/install/minimal_sim/share/minimal_sim/urdf/minimal_bot.urdf
[1.037s] Invoked command in '/home/sathish/ros2_ws/build/minimal_sim' returned '0': CMAKE_PREFIX_PATH=${CMAKE_PREFIX_PATH}:/opt/ros/humble /usr/bin/cmake --install /home/sathish/ros2_ws/build/minimal_sim
